#
# A fatal error has been detected by the Java Runtime Environment:
#
#  SIGSEGV (0xb) at pc=0x0000000105e232b0, pid=23817, tid=18947
#
# JRE version: Java(TM) SE Runtime Environment (8.0_25-b17) (build 1.8.0_25-b17)
# Java VM: Java HotSpot(TM) 64-Bit Server VM (25.25-b02 mixed mode bsd-amd64 compressed oops)
# Problematic frame:
# V  [libjvm.dylib+0x4232b0]
#
# Failed to write core dump. Core dumps have been disabled. To enable core dumping, try "ulimit -c unlimited" before starting Java again
#
# If you would like to submit a bug report, please visit:
#   http://bugreport.sun.com/bugreport/crash.jsp
#

---------------  T H R E A D  ---------------

Current thread (0x00007fa59b00c800):  JavaThread "JDWP Transport Listener: dt_socket" daemon [_thread_in_vm, id=18947, stack(0x0000700000ec4000,0x0000700000fc4000)]

siginfo: si_signo: 11 (SIGSEGV), si_code: 0 (unknown), si_addr: 0x0000000000000000

Registers:
RAX=0x0000000000000001, RBX=0x0000700000fc3a8b, RCX=0x00000001061d6c80, RDX=0x0000700000fc3a8b
RSP=0x0000700000fc39d0, RBP=0x0000700000fc39e0, RSI=0x00007fa59b00c800, RDI=0x6c61696d6f6e796c
R8 =0x0000000000000000, R9 =0x00007fa59c142820, R10=0x0000000024af82a2, R11=0x00007fa59c100000
R12=0x00007fa59b00c800, R13=0x6c61696d6f6e796c, R14=0x6c61696d6f6e796c, R15=0x00007fa59c100000
RIP=0x0000000105e232b0, EFLAGS=0x0000000000010206, ERR=0x0000000000000000
  TRAPNO=0x000000000000000d

Top of Stack: (sp=0x0000700000fc39d0)
0x0000700000fc39d0:   0000700000fc3a8b 0000700000fc3a8b
0x0000700000fc39e0:   0000700000fc3a40 0000000105d3526e
0x0000700000fc39f0:   00007fa59b00c800 0000000000000000
0x0000700000fc3a00:   0000000000000000 0000000000000000
0x0000700000fc3a10:   00007fa59b00c800 00007fa59b00c800
0x0000700000fc3a20:   0000700000fc3a8b 0000700000fc3a90
0x0000700000fc3a30:   6c61696d6f6e796c 0000000000000006
0x0000700000fc3a40:   0000700000fc3a60 000000010490f7dc
0x0000700000fc3a50:   0000000000000001 0000700000fc3b08
0x0000700000fc3a60:   0000700000fc3ad0 00000001048f4263
0x0000700000fc3a70:   0000700000fc3aa0 00007fa59c146510
0x0000700000fc3a80:   0000000a00000032 0000000900fc3b08
0x0000700000fc3a90:   0000000000000000 0000000000000000
0x0000700000fc3aa0:   0000000000000000 0000700000fc3c90
0x0000700000fc3ab0:   0000000104916eca 00007fa59c146710
0x0000700000fc3ac0:   0000700000fc3b08 0000000104922588
0x0000700000fc3ad0:   0000700000fc3ae0 00000001048f435c
0x0000700000fc3ae0:   0000700000fc3d00 00000001048fd8f6
0x0000700000fc3af0:   00000daf00000013 00000000000f0200
0x0000700000fc3b00:   00007fa59c143540 00007fa59c146e17
0x0000700000fc3b10:   00007fa5000001b1 00007fa59c146ca0
0x0000700000fc3b20:   000000000000012c 0000700000fc3b58
0x0000700000fc3b30:   00007fa59c146ca0 0000000000000000
0x0000700000fc3b40:   00000daf0000000f 00007fff00005380
0x0000700000fc3b50:   0000700000fc3b58 a57f00000a000000
0x0000700000fc3b60:   09000000c8d6009c 61696c6562417369
0x0000700000fc3b70:   614c28180000006e 462f61726265676c
0x0000700000fc3b80:   6f72476574696e69 0000005a293b7075
0x0000700000fc3b90:   7f00000900000000 000000c0d6009ca5
0x0000700000fc3ba0:   746e656d656c650f 6465726564724f73
0x0000700000fc3bb0:   6c614c2838000000 69462f6172626567
0x0000700000fc3bc0:   756f72476574696e 6c6163734c293b70 

Instructions: (pc=0x0000000105e232b0)
0x0000000105e23290:   40 48 48 85 c0 75 e0 30 c0 0f b6 c0 5d c3 31 c0
0x0000000105e232a0:   5d c3 55 48 89 e5 53 48 83 ec 08 48 85 ff 74 24
0x0000000105e232b0:   48 8b 1f 48 85 db 74 1c 48 83 fb 37 74 16 48 8b
0x0000000105e232c0:   03 48 89 df ff 50 10 84 c0 b8 00 00 00 00 48 0f 

Register to memory mapping:

RAX=0x0000000000000001 is an unknown value
RBX=0x0000700000fc3a8b is pointing into the stack for thread: 0x00007fa59b00c800
RCX=0x00000001061d6c80: UseMembar+0 in /Library/Java/JavaVirtualMachines/jdk1.8.0_25.jdk/Contents/Home/jre/lib/server/libjvm.dylib at 0x0000000105a00000
RDX=0x0000700000fc3a8b is pointing into the stack for thread: 0x00007fa59b00c800
RSP=0x0000700000fc39d0 is pointing into the stack for thread: 0x00007fa59b00c800
RBP=0x0000700000fc39e0 is pointing into the stack for thread: 0x00007fa59b00c800
RSI=0x00007fa59b00c800 is a thread
RDI=0x6c61696d6f6e796c is an unknown value
R8 =0x0000000000000000 is an unknown value
R9 =0x00007fa59c142820 is an unknown value
R10=0x0000000024af82a2 is an unknown value
R11=0x00007fa59c100000 is an unknown value
R12=0x00007fa59b00c800 is a thread
R13=0x6c61696d6f6e796c is an unknown value
R14=0x6c61696d6f6e796c is an unknown value
R15=0x00007fa59c100000 is an unknown value


Stack: [0x0000700000ec4000,0x0000700000fc4000],  sp=0x0000700000fc39d0,  free space=1022k
Native frames: (J=compiled Java code, j=interpreted, Vv=VM code, C=native code)
V  [libjvm.dylib+0x4232b0]
V  [libjvm.dylib+0x33526e]
C  [libjdwp.dylib+0x207dc]  isMethodSynthetic+0x63
C  [libjdwp.dylib+0x5263]  methods1+0x10b
C  [libjdwp.dylib+0x535c]  methodsWithGeneric+0xe
C  [libjdwp.dylib+0xe8f6]  debugLoop_run+0x1ce
C  [libjdwp.dylib+0x1f716]  attachThread+0x4d
V  [libjvm.dylib+0x3762ce]
V  [libjvm.dylib+0x535ed9]
V  [libjvm.dylib+0x53761c]
V  [libjvm.dylib+0x45d87e]
C  [libsystem_pthread.dylib+0x3c13]  _pthread_body+0x83
C  [libsystem_pthread.dylib+0x3b90]  _pthread_body+0x0
C  [libsystem_pthread.dylib+0x1375]  thread_start+0xd
C  0x0000000000000000


---------------  P R O C E S S  ---------------

Java Threads: ( => current thread )
  0x00007fa59d000800 JavaThread "Service Thread" daemon [_thread_blocked, id=22531, stack(0x00007000015d9000,0x00007000016d9000)]
  0x00007fa59e03a800 JavaThread "C1 CompilerThread3" daemon [_thread_blocked, id=22019, stack(0x00007000014d6000,0x00007000015d6000)]
  0x00007fa59e026000 JavaThread "C2 CompilerThread2" daemon [_thread_blocked, id=21507, stack(0x00007000013d3000,0x00007000014d3000)]
  0x00007fa59c81a800 JavaThread "C2 CompilerThread1" daemon [_thread_blocked, id=20995, stack(0x00007000012d0000,0x00007000013d0000)]
  0x00007fa59b808000 JavaThread "C2 CompilerThread0" daemon [_thread_blocked, id=20483, stack(0x00007000011cd000,0x00007000012cd000)]
  0x00007fa59a809000 JavaThread "JDWP Command Reader" daemon [_thread_in_native, id=19971, stack(0x00007000010ca000,0x00007000011ca000)]
  0x00007fa59d829800 JavaThread "JDWP Event Helper Thread" daemon [_thread_blocked, id=19459, stack(0x0000700000fc7000,0x00007000010c7000)]
=>0x00007fa59b00c800 JavaThread "JDWP Transport Listener: dt_socket" daemon [_thread_in_vm, id=18947, stack(0x0000700000ec4000,0x0000700000fc4000)]
  0x00007fa59a80b000 JavaThread "Signal Dispatcher" daemon [_thread_blocked, id=14863, stack(0x0000700000dc1000,0x0000700000ec1000)]
  0x00007fa59a008000 JavaThread "Finalizer" daemon [_thread_blocked, id=14339, stack(0x0000700000c3b000,0x0000700000d3b000)]
  0x00007fa59a007800 JavaThread "Reference Handler" daemon [_thread_blocked, id=13827, stack(0x0000700000b38000,0x0000700000c38000)]
  0x00007fa59d800000 JavaThread "main" [_thread_blocked, id=5891, stack(0x000070000011a000,0x000070000021a000)]

Other Threads:
  0x00007fa59e015800 VMThread [stack: 0x0000700000a35000,0x0000700000b35000] [id=13315]
  0x00007fa59e03d000 WatcherThread [stack: 0x00007000016dc000,0x00007000017dc000] [id=23043]

VM state:not at safepoint (normal execution)

VM Mutex/Monitor currently owned by a thread: None

Heap:
 PSYoungGen      total 38400K, used 23369K [0x0000000795580000, 0x0000000798000000, 0x00000007c0000000)
  eden space 33280K, 70% used [0x0000000795580000,0x0000000796c525d0,0x0000000797600000)
  from space 5120K, 0% used [0x0000000797b00000,0x0000000797b00000,0x0000000798000000)
  to   space 5120K, 0% used [0x0000000797600000,0x0000000797600000,0x0000000797b00000)
 ParOldGen       total 87552K, used 0K [0x0000000740000000, 0x0000000745580000, 0x0000000795580000)
  object space 87552K, 0% used [0x0000000740000000,0x0000000740000000,0x0000000745580000)
 Metaspace       used 7024K, capacity 8280K, committed 8448K, reserved 1056768K
  class space    used 1091K, capacity 1160K, committed 1280K, reserved 1048576K

Card table byte_map: [0x0000000115cdc000,0x00000001160dd000] byte_map_base: 0x00000001122dc000

Marking Bits: (ParMarkBitMap*) 0x000000010629d390
 Begin Bits: [0x0000000116388000, 0x0000000118388000)
 End Bits:   [0x0000000118388000, 0x000000011a388000)

Polling page: 0x00000001048ee000

CodeCache: size=245760Kb used=2389Kb max_used=2389Kb free=243370Kb
 bounds [0x000000010691c000, 0x0000000106b8c000, 0x000000011591c000]
 total_blobs=759 nmethods=505 adapters=177
 compilation: enabled

Compilation events (10 events):
Event: 0.957 Thread 0x00007fa59e03a800  507       3       scala.runtime.BoxesRunTime::boxToInteger (5 bytes)
Event: 0.957 Thread 0x00007fa59e03a800 nmethod 507 0x0000000106b70a90 code [0x0000000106b70c20, 0x0000000106b70fd0]
Event: 0.957 Thread 0x00007fa59e03a800  504       1       scala.collection.mutable.HashSet::sizemap (5 bytes)
Event: 0.957 Thread 0x00007fa59e03a800 nmethod 504 0x0000000106b71210 code [0x0000000106b71360, 0x0000000106b71470]
Event: 0.957 Thread 0x00007fa59e03a800  505       1       scala.collection.mutable.HashSet::threshold (5 bytes)
Event: 0.957 Thread 0x00007fa59e03a800 nmethod 505 0x0000000106b714d0 code [0x0000000106b71620, 0x0000000106b71730]
Event: 0.957 Thread 0x00007fa59e03a800  492       1       scala.Predef$::Map (5 bytes)
Event: 0.957 Thread 0x00007fa59e03a800 nmethod 492 0x0000000106b71790 code [0x0000000106b718e0, 0x0000000106b719f0]
Event: 0.957 Thread 0x00007fa59e03a800  506       1       scala.collection.immutable.$colon$colon::tl$1 (5 bytes)
Event: 0.957 Thread 0x00007fa59e03a800 nmethod 506 0x0000000106b71a50 code [0x0000000106b71ba0, 0x0000000106b71cb0]

GC Heap History (0 events):
No events

Deoptimization events (0 events):
No events

Internal exceptions (10 events):
Event: 14.677 Thread 0x00007fa59d800000 Exception <a 'java/security/PrivilegedActionException'> (0x0000000796b79be0) thrown at [/HUDSON3/workspace/8-2-build-macosx-x86_64/jdk8u25/1514/hotspot/src/share/vm/prims/jvm.cpp, line 1312]
Event: 14.679 Thread 0x00007fa59d800000 Exception <a 'java/security/PrivilegedActionException'> (0x0000000796b818d0) thrown at [/HUDSON3/workspace/8-2-build-macosx-x86_64/jdk8u25/1514/hotspot/src/share/vm/prims/jvm.cpp, line 1312]
Event: 14.680 Thread 0x00007fa59d800000 Exception <a 'java/security/PrivilegedActionException'> (0x0000000796b8dc10) thrown at [/HUDSON3/workspace/8-2-build-macosx-x86_64/jdk8u25/1514/hotspot/src/share/vm/prims/jvm.cpp, line 1312]
Event: 14.681 Thread 0x00007fa59d800000 Exception <a 'java/security/PrivilegedActionException'> (0x0000000796b93600) thrown at [/HUDSON3/workspace/8-2-build-macosx-x86_64/jdk8u25/1514/hotspot/src/share/vm/prims/jvm.cpp, line 1312]
Event: 14.683 Thread 0x00007fa59d800000 Exception <a 'java/security/PrivilegedActionException'> (0x0000000796b99228) thrown at [/HUDSON3/workspace/8-2-build-macosx-x86_64/jdk8u25/1514/hotspot/src/share/vm/prims/jvm.cpp, line 1312]
Event: 14.685 Thread 0x00007fa59d800000 Exception <a 'java/security/PrivilegedActionException'> (0x0000000796b9e9f0) thrown at [/HUDSON3/workspace/8-2-build-macosx-x86_64/jdk8u25/1514/hotspot/src/share/vm/prims/jvm.cpp, line 1312]
Event: 14.686 Thread 0x00007fa59d800000 Exception <a 'java/security/PrivilegedActionException'> (0x0000000796ba5790) thrown at [/HUDSON3/workspace/8-2-build-macosx-x86_64/jdk8u25/1514/hotspot/src/share/vm/prims/jvm.cpp, line 1312]
Event: 14.687 Thread 0x00007fa59d800000 Exception <a 'java/security/PrivilegedActionException'> (0x0000000796bab610) thrown at [/HUDSON3/workspace/8-2-build-macosx-x86_64/jdk8u25/1514/hotspot/src/share/vm/prims/jvm.cpp, line 1312]
Event: 14.689 Thread 0x00007fa59d800000 Exception <a 'java/security/PrivilegedActionException'> (0x0000000796bb10e8) thrown at [/HUDSON3/workspace/8-2-build-macosx-x86_64/jdk8u25/1514/hotspot/src/share/vm/prims/jvm.cpp, line 1312]
Event: 14.691 Thread 0x00007fa59d800000 Exception <a 'java/security/PrivilegedActionException'> (0x0000000796bb8f48) thrown at [/HUDSON3/workspace/8-2-build-macosx-x86_64/jdk8u25/1514/hotspot/src/share/vm/prims/jvm.cpp, line 1312]

Events (10 events):
Event: 18.364 Executing VM operation: ForceSafepoint
Event: 18.364 Executing VM operation: ForceSafepoint done
Event: 18.365 Executing VM operation: ForceSafepoint
Event: 18.365 Executing VM operation: ForceSafepoint done
Event: 18.365 Executing VM operation: ForceSafepoint
Event: 18.365 Executing VM operation: ForceSafepoint done
Event: 67.596 Executing VM operation: ChangeBreakpoints
Event: 67.596 Executing VM operation: ChangeBreakpoints done
Event: 67.607 Executing VM operation: RedefineClasses
Event: 67.619 Executing VM operation: RedefineClasses done


Dynamic libraries:
0x0000000009442000 	/System/Library/Frameworks/Cocoa.framework/Versions/A/Cocoa
0x0000000009442000 	/System/Library/Frameworks/Security.framework/Versions/A/Security
0x0000000009442000 	/System/Library/Frameworks/ApplicationServices.framework/Versions/A/ApplicationServices
0x0000000009442000 	/usr/lib/libz.1.dylib
0x0000000009442000 	/usr/lib/libSystem.B.dylib
0x0000000009442000 	/usr/lib/libobjc.A.dylib
0x0000000009442000 	/System/Library/Frameworks/CoreFoundation.framework/Versions/A/CoreFoundation
0x0000000009442000 	/System/Library/Frameworks/Foundation.framework/Versions/C/Foundation
0x0000000009442000 	/System/Library/Frameworks/AppKit.framework/Versions/C/AppKit
0x0000000009442000 	/System/Library/Frameworks/CoreData.framework/Versions/A/CoreData
0x0000000009442000 	/System/Library/PrivateFrameworks/RemoteViewServices.framework/Versions/A/RemoteViewServices
0x0000000009442000 	/System/Library/PrivateFrameworks/UIFoundation.framework/Versions/A/UIFoundation
0x0000000009442000 	/usr/lib/libScreenReader.dylib
0x0000000009442000 	/System/Library/Frameworks/Accelerate.framework/Versions/A/Accelerate
0x0000000009442000 	/System/Library/Frameworks/IOSurface.framework/Versions/A/IOSurface
0x0000000009442000 	/System/Library/Frameworks/AudioToolbox.framework/Versions/A/AudioToolbox
0x0000000009442000 	/System/Library/Frameworks/AudioUnit.framework/Versions/A/AudioUnit
0x0000000009442000 	/System/Library/PrivateFrameworks/DataDetectorsCore.framework/Versions/A/DataDetectorsCore
0x0000000009442000 	/System/Library/PrivateFrameworks/DesktopServicesPriv.framework/Versions/A/DesktopServicesPriv
0x0000000009442000 	/System/Library/Frameworks/Carbon.framework/Versions/A/Frameworks/HIToolbox.framework/Versions/A/HIToolbox
0x0000000009442000 	/System/Library/Frameworks/QuartzCore.framework/Versions/A/QuartzCore
0x0000000009442000 	/System/Library/Frameworks/Carbon.framework/Versions/A/Frameworks/SpeechRecognition.framework/Versions/A/SpeechRecognition
0x0000000009442000 	/usr/lib/libauto.dylib
0x0000000009442000 	/usr/lib/libicucore.A.dylib
0x0000000009442000 	/usr/lib/libxml2.2.dylib
0x0000000009442000 	/System/Library/PrivateFrameworks/CoreUI.framework/Versions/A/CoreUI
0x0000000009442000 	/System/Library/Frameworks/CoreAudio.framework/Versions/A/CoreAudio
0x0000000009442000 	/System/Library/Frameworks/DiskArbitration.framework/Versions/A/DiskArbitration
0x0000000009442000 	/usr/lib/liblangid.dylib
0x0000000009442000 	/System/Library/PrivateFrameworks/MultitouchSupport.framework/Versions/A/MultitouchSupport
0x0000000009442000 	/System/Library/Frameworks/IOKit.framework/Versions/A/IOKit
0x0000000009442000 	/usr/lib/libDiagnosticMessagesClient.dylib
0x0000000009442000 	/System/Library/Frameworks/CoreServices.framework/Versions/A/CoreServices
0x0000000009442000 	/System/Library/PrivateFrameworks/PerformanceAnalysis.framework/Versions/A/PerformanceAnalysis
0x0000000009442000 	/System/Library/PrivateFrameworks/GenerationalStorage.framework/Versions/A/GenerationalStorage
0x0000000009442000 	/System/Library/Frameworks/OpenGL.framework/Versions/A/OpenGL
0x0000000009442000 	/System/Library/PrivateFrameworks/Sharing.framework/Versions/A/Sharing
0x0000000009442000 	/System/Library/Frameworks/CoreGraphics.framework/Versions/A/CoreGraphics
0x0000000009442000 	/System/Library/Frameworks/CoreImage.framework/Versions/A/CoreImage
0x0000000009442000 	/System/Library/Frameworks/CoreText.framework/Versions/A/CoreText
0x0000000009442000 	/System/Library/Frameworks/ImageIO.framework/Versions/A/ImageIO
0x0000000009442000 	/System/Library/PrivateFrameworks/Backup.framework/Versions/A/Backup
0x0000000009442000 	/usr/lib/libextension.dylib
0x0000000009442000 	/usr/lib/libarchive.2.dylib
0x0000000009442000 	/System/Library/Frameworks/CFNetwork.framework/Versions/A/CFNetwork
0x0000000009442000 	/System/Library/Frameworks/SystemConfiguration.framework/Versions/A/SystemConfiguration
0x0000000009442000 	/usr/lib/libCRFSuite.dylib
0x0000000009442000 	/usr/lib/libc++.1.dylib
0x0000000009442000 	/usr/lib/libc++abi.dylib
0x0000000009442000 	/usr/lib/system/libcache.dylib
0x0000000009442000 	/usr/lib/system/libcommonCrypto.dylib
0x0000000009442000 	/usr/lib/system/libcompiler_rt.dylib
0x0000000009442000 	/usr/lib/system/libcopyfile.dylib
0x0000000009442000 	/usr/lib/system/libcorecrypto.dylib
0x0000000009442000 	/usr/lib/system/libdispatch.dylib
0x0000000009442000 	/usr/lib/system/libdyld.dylib
0x0000000009442000 	/usr/lib/system/libkeymgr.dylib
0x0000000009442000 	/usr/lib/system/liblaunch.dylib
0x0000000009442000 	/usr/lib/system/libmacho.dylib
0x0000000009442000 	/usr/lib/system/libquarantine.dylib
0x0000000009442000 	/usr/lib/system/libremovefile.dylib
0x0000000009442000 	/usr/lib/system/libsystem_asl.dylib
0x0000000009442000 	/usr/lib/system/libsystem_blocks.dylib
0x0000000009442000 	/usr/lib/system/libsystem_c.dylib
0x0000000009442000 	/usr/lib/system/libsystem_configuration.dylib
0x0000000009442000 	/usr/lib/system/libsystem_coreservices.dylib
0x0000000009442000 	/usr/lib/system/libsystem_coretls.dylib
0x0000000009442000 	/usr/lib/system/libsystem_dnssd.dylib
0x0000000009442000 	/usr/lib/system/libsystem_info.dylib
0x0000000009442000 	/usr/lib/system/libsystem_kernel.dylib
0x0000000009442000 	/usr/lib/system/libsystem_m.dylib
0x0000000009442000 	/usr/lib/system/libsystem_malloc.dylib
0x0000000009442000 	/usr/lib/system/libsystem_network.dylib
0x0000000009442000 	/usr/lib/system/libsystem_networkextension.dylib
0x0000000009442000 	/usr/lib/system/libsystem_notify.dylib
0x0000000009442000 	/usr/lib/system/libsystem_platform.dylib
0x0000000009442000 	/usr/lib/system/libsystem_pthread.dylib
0x0000000009442000 	/usr/lib/system/libsystem_sandbox.dylib
0x0000000009442000 	/usr/lib/system/libsystem_secinit.dylib
0x0000000009442000 	/usr/lib/system/libsystem_trace.dylib
0x0000000009442000 	/usr/lib/system/libunc.dylib
0x0000000009442000 	/usr/lib/system/libunwind.dylib
0x0000000009442000 	/usr/lib/system/libxpc.dylib
0x0000000009442000 	/usr/lib/libenergytrace.dylib
0x0000000009442000 	/usr/lib/libbsm.0.dylib
0x0000000009442000 	/usr/lib/system/libkxld.dylib
0x0000000009442000 	/usr/lib/libxar.1.dylib
0x0000000009442000 	/usr/lib/libsqlite3.dylib
0x0000000009442000 	/usr/lib/libpam.2.dylib
0x0000000009442000 	/usr/lib/libOpenScriptingUtil.dylib
0x0000000009442000 	/usr/lib/libbz2.1.0.dylib
0x0000000009442000 	/usr/lib/liblzma.5.dylib
0x0000000009442000 	/System/Library/Frameworks/CoreServices.framework/Versions/A/Frameworks/FSEvents.framework/Versions/A/FSEvents
0x0000000009442000 	/System/Library/Frameworks/CoreServices.framework/Versions/A/Frameworks/CarbonCore.framework/Versions/A/CarbonCore
0x0000000009442000 	/System/Library/Frameworks/CoreServices.framework/Versions/A/Frameworks/Metadata.framework/Versions/A/Metadata
0x0000000009442000 	/System/Library/Frameworks/CoreServices.framework/Versions/A/Frameworks/OSServices.framework/Versions/A/OSServices
0x0000000009442000 	/System/Library/Frameworks/CoreServices.framework/Versions/A/Frameworks/SearchKit.framework/Versions/A/SearchKit
0x0000000009442000 	/System/Library/Frameworks/CoreServices.framework/Versions/A/Frameworks/AE.framework/Versions/A/AE
0x0000000009442000 	/System/Library/Frameworks/CoreServices.framework/Versions/A/Frameworks/LaunchServices.framework/Versions/A/LaunchServices
0x0000000009442000 	/System/Library/Frameworks/CoreServices.framework/Versions/A/Frameworks/DictionaryServices.framework/Versions/A/DictionaryServices
0x0000000009442000 	/System/Library/Frameworks/CoreServices.framework/Versions/A/Frameworks/SharedFileList.framework/Versions/A/SharedFileList
0x0000000009442000 	/System/Library/Frameworks/NetFS.framework/Versions/A/NetFS
0x0000000009442000 	/System/Library/PrivateFrameworks/NetAuth.framework/Versions/A/NetAuth
0x0000000009442000 	/System/Library/PrivateFrameworks/login.framework/Versions/A/Frameworks/loginsupport.framework/Versions/A/loginsupport
0x0000000009442000 	/System/Library/PrivateFrameworks/TCC.framework/Versions/A/TCC
0x0000000009442000 	/usr/lib/libmecabra.dylib
0x0000000009442000 	/System/Library/Frameworks/ApplicationServices.framework/Versions/A/Frameworks/ATS.framework/Versions/A/ATS
0x0000000009442000 	/System/Library/Frameworks/ApplicationServices.framework/Versions/A/Frameworks/ColorSync.framework/Versions/A/ColorSync
0x0000000009442000 	/System/Library/Frameworks/ApplicationServices.framework/Versions/A/Frameworks/HIServices.framework/Versions/A/HIServices
0x0000000009442000 	/System/Library/Frameworks/ApplicationServices.framework/Versions/A/Frameworks/LangAnalysis.framework/Versions/A/LangAnalysis
0x0000000009442000 	/System/Library/Frameworks/ApplicationServices.framework/Versions/A/Frameworks/PrintCore.framework/Versions/A/PrintCore
0x0000000009442000 	/System/Library/Frameworks/ApplicationServices.framework/Versions/A/Frameworks/QD.framework/Versions/A/QD
0x0000000009442000 	/System/Library/Frameworks/ApplicationServices.framework/Versions/A/Frameworks/SpeechSynthesis.framework/Versions/A/SpeechSynthesis
0x0000000009442000 	/System/Library/Frameworks/Metal.framework/Versions/A/Metal
0x0000000009442000 	/System/Library/Frameworks/Accelerate.framework/Versions/A/Frameworks/vImage.framework/Versions/A/vImage
0x0000000009442000 	/System/Library/Frameworks/Accelerate.framework/Versions/A/Frameworks/vecLib.framework/Versions/A/vecLib
0x0000000009442000 	/System/Library/Frameworks/Accelerate.framework/Versions/A/Frameworks/vecLib.framework/Versions/A/libvDSP.dylib
0x0000000009442000 	/System/Library/Frameworks/Accelerate.framework/Versions/A/Frameworks/vecLib.framework/Versions/A/libvMisc.dylib
0x0000000009442000 	/System/Library/Frameworks/Accelerate.framework/Versions/A/Frameworks/vecLib.framework/Versions/A/libLAPACK.dylib
0x0000000009442000 	/System/Library/Frameworks/Accelerate.framework/Versions/A/Frameworks/vecLib.framework/Versions/A/libBLAS.dylib
0x0000000009442000 	/System/Library/Frameworks/Accelerate.framework/Versions/A/Frameworks/vecLib.framework/Versions/A/libLinearAlgebra.dylib
0x0000000009442000 	/System/Library/Frameworks/Accelerate.framework/Versions/A/Frameworks/vecLib.framework/Versions/A/libSparseBLAS.dylib
0x0000000009442000 	/System/Library/PrivateFrameworks/GPUCompiler.framework/libmetal_timestamp.dylib
0x0000000009442000 	/System/Library/Frameworks/OpenGL.framework/Versions/A/Libraries/libCoreFSCache.dylib
0x0000000009442000 	/System/Library/PrivateFrameworks/IOAccelerator.framework/Versions/A/IOAccelerator
0x0000000009442000 	/System/Library/Frameworks/ApplicationServices.framework/Versions/A/Frameworks/ATS.framework/Versions/A/Resources/libFontParser.dylib
0x0000000009442000 	/System/Library/Frameworks/ApplicationServices.framework/Versions/A/Frameworks/ATS.framework/Versions/A/Resources/libFontRegistry.dylib
0x0000000009442000 	/System/Library/PrivateFrameworks/AppleVPA.framework/Versions/A/AppleVPA
0x0000000009442000 	/System/Library/PrivateFrameworks/AppleJPEG.framework/Versions/A/AppleJPEG
0x0000000009442000 	/System/Library/Frameworks/ImageIO.framework/Versions/A/Resources/libJPEG.dylib
0x0000000009442000 	/System/Library/Frameworks/ImageIO.framework/Versions/A/Resources/libTIFF.dylib
0x0000000009442000 	/System/Library/Frameworks/ImageIO.framework/Versions/A/Resources/libPng.dylib
0x0000000009442000 	/System/Library/Frameworks/ImageIO.framework/Versions/A/Resources/libGIF.dylib
0x0000000009442000 	/System/Library/Frameworks/ImageIO.framework/Versions/A/Resources/libJP2.dylib
0x0000000009442000 	/System/Library/Frameworks/ImageIO.framework/Versions/A/Resources/libRadiance.dylib
0x0000000009442000 	/System/Library/Frameworks/CoreVideo.framework/Versions/A/CoreVideo
0x0000000009442000 	/System/Library/Frameworks/OpenGL.framework/Versions/A/Libraries/libGLU.dylib
0x0000000009442000 	/System/Library/Frameworks/OpenGL.framework/Versions/A/Libraries/libGFXShared.dylib
0x0000000009442000 	/System/Library/Frameworks/OpenGL.framework/Versions/A/Libraries/libGL.dylib
0x0000000009442000 	/System/Library/Frameworks/OpenGL.framework/Versions/A/Libraries/libGLImage.dylib
0x0000000009442000 	/System/Library/Frameworks/OpenGL.framework/Versions/A/Libraries/libCVMSPluginSupport.dylib
0x0000000009442000 	/System/Library/Frameworks/OpenGL.framework/Versions/A/Libraries/libCoreVMClient.dylib
0x0000000009442000 	/usr/lib/libcups.2.dylib
0x0000000009442000 	/System/Library/Frameworks/Kerberos.framework/Versions/A/Kerberos
0x0000000009442000 	/System/Library/Frameworks/GSS.framework/Versions/A/GSS
0x0000000009442000 	/usr/lib/libresolv.9.dylib
0x0000000009442000 	/usr/lib/libiconv.2.dylib
0x0000000009442000 	/System/Library/PrivateFrameworks/Heimdal.framework/Versions/A/Heimdal
0x0000000009442000 	/usr/lib/libheimdal-asn1.dylib
0x0000000009442000 	/System/Library/Frameworks/OpenDirectory.framework/Versions/A/OpenDirectory
0x0000000009442000 	/System/Library/PrivateFrameworks/CommonAuth.framework/Versions/A/CommonAuth
0x0000000009442000 	/System/Library/Frameworks/OpenDirectory.framework/Versions/A/Frameworks/CFOpenDirectory.framework/Versions/A/CFOpenDirectory
0x0000000009442000 	/System/Library/Frameworks/SecurityFoundation.framework/Versions/A/SecurityFoundation
0x0000000009442000 	/System/Library/PrivateFrameworks/LanguageModeling.framework/Versions/A/LanguageModeling
0x0000000009442000 	/usr/lib/libmarisa.dylib
0x0000000009442000 	/usr/lib/libChineseTokenizer.dylib
0x0000000009442000 	/usr/lib/libcmph.dylib
0x0000000009442000 	/usr/lib/libcompression.dylib
0x0000000009442000 	/System/Library/Frameworks/ServiceManagement.framework/Versions/A/ServiceManagement
0x0000000009442000 	/usr/lib/libxslt.1.dylib
0x0000000009442000 	/System/Library/Frameworks/Carbon.framework/Versions/A/Frameworks/Ink.framework/Versions/A/Ink
0x0000000009442000 	/usr/lib/libFosl_dynamic.dylib
0x0000000009442000 	/System/Library/PrivateFrameworks/FaceCore.framework/Versions/A/FaceCore
0x0000000009442000 	/System/Library/Frameworks/OpenCL.framework/Versions/A/OpenCL
0x0000000009442000 	/System/Library/PrivateFrameworks/CrashReporterSupport.framework/Versions/A/CrashReporterSupport
0x0000000009442000 	/System/Library/PrivateFrameworks/IconServices.framework/Versions/A/IconServices
0x0000000009442000 	/System/Library/PrivateFrameworks/Apple80211.framework/Versions/A/Apple80211
0x0000000009442000 	/System/Library/Frameworks/CoreWLAN.framework/Versions/A/CoreWLAN
0x0000000009442000 	/System/Library/Frameworks/IOBluetooth.framework/Versions/A/IOBluetooth
0x0000000009442000 	/System/Library/PrivateFrameworks/CoreWiFi.framework/Versions/A/CoreWiFi
0x0000000009442000 	/System/Library/Frameworks/CoreBluetooth.framework/Versions/A/CoreBluetooth
0x0000000009442000 	/System/Library/PrivateFrameworks/ChunkingLibrary.framework/Versions/A/ChunkingLibrary
0x0000000009442000 	/System/Library/PrivateFrameworks/DebugSymbols.framework/Versions/A/DebugSymbols
0x0000000009442000 	/System/Library/PrivateFrameworks/CoreSymbolication.framework/Versions/A/CoreSymbolication
0x0000000009442000 	/System/Library/PrivateFrameworks/Symbolication.framework/Versions/A/Symbolication
0x0000000009442000 	/System/Library/PrivateFrameworks/SpeechRecognitionCore.framework/Versions/A/SpeechRecognitionCore
0x0000000105a00000 	/Library/Java/JavaVirtualMachines/jdk1.8.0_25.jdk/Contents/Home/jre/lib/server/libjvm.dylib
0x0000000009442000 	/usr/lib/libstdc++.6.dylib
0x00000001048ac000 	/Library/Java/JavaVirtualMachines/jdk1.8.0_25.jdk/Contents/Home/jre/lib/libverify.dylib
0x00000001048ba000 	/Library/Java/JavaVirtualMachines/jdk1.8.0_25.jdk/Contents/Home/jre/lib/libjava.dylib
0x00000001048ef000 	/Library/Java/JavaVirtualMachines/jdk1.8.0_25.jdk/Contents/Home/jre/lib/libjdwp.dylib
0x000000010493a000 	/Library/Java/JavaVirtualMachines/jdk1.8.0_25.jdk/Contents/Home/jre/lib/libnpt.dylib
0x0000000104947000 	/Library/Java/JavaVirtualMachines/jdk1.8.0_25.jdk/Contents/Home/jre/lib/libzip.dylib
0x000000011ce50000 	/System/Library/Frameworks/JavaVM.framework/Frameworks/JavaRuntimeSupport.framework/JavaRuntimeSupport
0x000000011ce6b000 	/System/Library/Frameworks/JavaVM.framework/Versions/A/Frameworks/JavaNativeFoundation.framework/Versions/A/JavaNativeFoundation
0x000000011ce80000 	/System/Library/Frameworks/JavaVM.framework/Versions/A/JavaVM
0x0000000009442000 	/System/Library/Frameworks/Carbon.framework/Versions/A/Carbon
0x000000011ce8d000 	/System/Library/PrivateFrameworks/JavaLaunching.framework/Versions/A/JavaLaunching
0x0000000009442000 	/System/Library/Frameworks/Carbon.framework/Versions/A/Frameworks/CommonPanels.framework/Versions/A/CommonPanels
0x0000000009442000 	/System/Library/Frameworks/Carbon.framework/Versions/A/Frameworks/Help.framework/Versions/A/Help
0x0000000009442000 	/System/Library/Frameworks/Carbon.framework/Versions/A/Frameworks/ImageCapture.framework/Versions/A/ImageCapture
0x0000000009442000 	/System/Library/Frameworks/Carbon.framework/Versions/A/Frameworks/OpenScripting.framework/Versions/A/OpenScripting
0x0000000009442000 	/System/Library/Frameworks/Carbon.framework/Versions/A/Frameworks/Print.framework/Versions/A/Print
0x0000000009442000 	/System/Library/Frameworks/Carbon.framework/Versions/A/Frameworks/SecurityHI.framework/Versions/A/SecurityHI
0x000000011e7aa000 	/Library/Java/JavaVirtualMachines/jdk1.8.0_25.jdk/Contents/Home/jre/lib/libdt_socket.dylib

VM Arguments:
jvm_args: -agentlib:jdwp=transport=dt_socket,address=127.0.0.1:62069,suspend=y,server=n -Dfile.encoding=UTF-8 
java_command: TestFiniteGroups
java_class_path (initial): /Library/Java/JavaVirtualMachines/jdk1.8.0_25.jdk/Contents/Home/lib/ant-javafx.jar:/Library/Java/JavaVirtualMachines/jdk1.8.0_25.jdk/Contents/Home/lib/dt.jar:/Library/Java/JavaVirtualMachines/jdk1.8.0_25.jdk/Contents/Home/lib/javafx-mx.jar:/Library/Java/JavaVirtualMachines/jdk1.8.0_25.jdk/Contents/Home/lib/jconsole.jar:/Library/Java/JavaVirtualMachines/jdk1.8.0_25.jdk/Contents/Home/lib/sa-jdi.jar:/Library/Java/JavaVirtualMachines/jdk1.8.0_25.jdk/Contents/Home/lib/tools.jar:/Library/Java/JavaVirtualMachines/jdk1.8.0_25.jdk/Contents/Home/jre/lib/charsets.jar:/Library/Java/JavaVirtualMachines/jdk1.8.0_25.jdk/Contents/Home/jre/lib/deploy.jar:/Library/Java/JavaVirtualMachines/jdk1.8.0_25.jdk/Contents/Home/jre/lib/javaws.jar:/Library/Java/JavaVirtualMachines/jdk1.8.0_25.jdk/Contents/Home/jre/lib/jce.jar:/Library/Java/JavaVirtualMachines/jdk1.8.0_25.jdk/Contents/Home/jre/lib/jfr.jar:/Library/Java/JavaVirtualMachines/jdk1.8.0_25.jdk/Contents/Home/jre/lib/jfxswt.jar:/Library/Java/JavaVirtualMachines/jdk1.8.0_25.jdk/Contents/Home/jre/lib/jsse.jar:/Library/Java/JavaVirtualMachines/jdk1.8.0_25.jdk/Contents/Home/jre/lib/management-agent.jar:/Library/Java/JavaVirtualMachines/jdk1.8.0_25.jdk/Contents/Home/jre/lib/plugin.jar:/Library/Java/JavaVirtualMachines/jdk1.8.0_25.jdk/Contents/Home/jre/lib/resources.jar:/Library/Java/JavaVirtualMachines/jdk1.8.0_25.jdk/Contents/Home/jre/lib/rt.jar:/Library/Java/JavaVirtualMachines/jdk1.8.0_25.jdk/Contents/Home/jre/lib/ext/cldrdata.jar:/Library/Java/JavaVirtualMachines/jdk1.8.0_25.jdk/Contents/Home/jre/lib/ext/dnsns.jar:/Library/Java/JavaVirtualMachines/jdk1.8.0_25.jdk/Contents/Home/jre/lib/ext/jfxrt.jar:/Library/Java/JavaVirtualMachines/jdk1.8.0_25.jdk/Contents/Home/jre/lib/ext/localedata.jar:/Library/Java/JavaVirtualMachines/jdk1.8.0_25.jdk/Contents/Home/jre/lib/ext/nashorn.jar:/Library/Java/JavaVirtualMachines/jdk1.8.0_25.jdk/Contents/Home/jre/lib/ext/sunec.jar:/Library/Java/JavaVirtualMachines/jdk1.8.0_25.jdk/C
Launcher Type: SUN_STANDARD

Environment Variables:
PATH=/opt/local/bin:/opt/local/sbin:/usr/local/heroku/bin:/usr/bin:/bin:/usr/sbin:/sbin:/usr/local/bin:/usr/X11/bin:/Users/LuisFontes/scala-2.11.4/bin:/usr/local/Cellar/sbt/0.13.7
SHELL=/bin/bash
DISPLAY=/private/tmp/com.apple.launchd.SSHJYbUrAk/org.macosforge.xquartz:0

Signal Handlers:
SIGSEGV: [libjvm.dylib+0x579dc7], sa_mask[0]=11111111011111110111111111111111, sa_flags=SA_ONSTACK|SA_RESTART|SA_SIGINFO
SIGBUS: [libjvm.dylib+0x579dc7], sa_mask[0]=11111111011111110111111111111111, sa_flags=SA_RESTART|SA_SIGINFO
SIGFPE: [libjvm.dylib+0x45b030], sa_mask[0]=11111111011111110111111111111111, sa_flags=SA_RESTART|SA_SIGINFO
SIGPIPE: [libjvm.dylib+0x45b030], sa_mask[0]=11111111011111110111111111111111, sa_flags=SA_RESTART|SA_SIGINFO
SIGXFSZ: [libjvm.dylib+0x45b030], sa_mask[0]=11111111011111110111111111111111, sa_flags=SA_RESTART|SA_SIGINFO
SIGILL: [libjvm.dylib+0x45b030], sa_mask[0]=11111111011111110111111111111111, sa_flags=SA_RESTART|SA_SIGINFO
SIGUSR1: SIG_DFL, sa_mask[0]=00000000000000000000000000000000, sa_flags=none
SIGUSR2: [libjvm.dylib+0x45ab4e], sa_mask[0]=00100000000000000000000000000000, sa_flags=SA_RESTART|SA_SIGINFO
SIGHUP: [libjvm.dylib+0x459121], sa_mask[0]=11111111011111110111111111111111, sa_flags=SA_RESTART|SA_SIGINFO
SIGINT: [libjvm.dylib+0x459121], sa_mask[0]=11111111011111110111111111111111, sa_flags=SA_RESTART|SA_SIGINFO
SIGTERM: [libjvm.dylib+0x459121], sa_mask[0]=11111111011111110111111111111111, sa_flags=SA_RESTART|SA_SIGINFO
SIGQUIT: [libjvm.dylib+0x459121], sa_mask[0]=11111111011111110111111111111111, sa_flags=SA_RESTART|SA_SIGINFO


---------------  S Y S T E M  ---------------

OS:Bsduname:Darwin 15.3.0 Darwin Kernel Version 15.3.0: Thu Dec 10 18:40:58 PST 2015; root:xnu-3248.30.4~1/RELEASE_X86_64 x86_64
rlimit: STACK 8192k, CORE 0k, NPROC 709, NOFILE 10240, AS infinity
load average:5.02 3.97 3.53

CPU:total 8 (4 cores per cpu, 2 threads per core) family 6 model 42 stepping 7, cmov, cx8, fxsr, mmx, sse, sse2, sse3, ssse3, sse4.1, sse4.2, popcnt, avx, aes, clmul, ht, tsc, tscinvbit

Memory: 4k page, physical 8388608k(171604k free)

/proc/meminfo:


vm_info: Java HotSpot(TM) 64-Bit Server VM (25.25-b02) for bsd-amd64 JRE (1.8.0_25-b17), built on Sep 17 2014 16:56:50 by "java_re" with gcc 4.2.1 (Based on Apple Inc. build 5658) (LLVM build 2336.11.00)

time: Sun Feb 14 11:06:03 2016
elapsed time: 67 seconds (0d 0h 1m 7s)

